<?xml version="1.0" encoding="UTF-8"?>
<robot generator="Robot 3.2.1 (Python 3.8.3 on win32)" generated="20200920 13:19:23.414" rpa="false">
<suite id="s1" name="Login Form" source="C:\qaninja\robot\web\tests\login_form.robot">
<test id="s1-t1" name="Login Com Sucesso">
<kw name="Nova Sessão" library="base" type="setup">
<kw name="Open Browser" library="SeleniumLibrary">
<doc>Opens a new browser instance to the optional ``url``.</doc>
<arguments>
<arg>${url}</arg>
<arg>Chrome</arg>
</arguments>
<msg timestamp="20200920 13:19:25.842" level="INFO">Opening browser 'Chrome' to base url 'https://training-wheels-protocol.herokuapp.com'.</msg>
<status status="PASS" starttime="20200920 13:19:25.841" endtime="20200920 13:19:47.265"></status>
</kw>
<status status="PASS" starttime="20200920 13:19:25.838" endtime="20200920 13:19:47.267"></status>
</kw>
<kw name="Go To" library="SeleniumLibrary">
<doc>Navigates the current browser window to the provided ``url``.</doc>
<arguments>
<arg>${url}/login</arg>
</arguments>
<msg timestamp="20200920 13:19:47.274" level="INFO">Opening url 'https://training-wheels-protocol.herokuapp.com/login'</msg>
<status status="PASS" starttime="20200920 13:19:47.270" endtime="20200920 13:19:48.293"></status>
</kw>
<kw name="Login With">
<arguments>
<arg>stark</arg>
<arg>jarvis!</arg>
</arguments>
<kw name="Input Text" library="SeleniumLibrary">
<doc>Types the given ``text`` into the text field identified by ``locator``.</doc>
<arguments>
<arg>css:input[name=username]</arg>
<arg>${uname}</arg>
</arguments>
<msg timestamp="20200920 13:19:48.304" level="INFO">Typing text 'stark' into text field 'css:input[name=username]'.</msg>
<status status="PASS" starttime="20200920 13:19:48.301" endtime="20200920 13:19:48.736"></status>
</kw>
<kw name="Input Text" library="SeleniumLibrary">
<doc>Types the given ``text`` into the text field identified by ``locator``.</doc>
<arguments>
<arg>css:input[name=password]</arg>
<arg>${pass}</arg>
</arguments>
<msg timestamp="20200920 13:19:48.737" level="INFO">Typing text 'jarvis!' into text field 'css:input[name=password]'.</msg>
<status status="PASS" starttime="20200920 13:19:48.736" endtime="20200920 13:19:49.131"></status>
</kw>
<kw name="Click Element" library="SeleniumLibrary">
<doc>Click the element identified by ``locator``.</doc>
<arguments>
<arg>class:btn-login</arg>
</arguments>
<msg timestamp="20200920 13:19:49.133" level="INFO">Clicking element 'class:btn-login'.</msg>
<status status="PASS" starttime="20200920 13:19:49.132" endtime="20200920 13:19:50.182"></status>
</kw>
<status status="PASS" starttime="20200920 13:19:48.297" endtime="20200920 13:19:50.184"></status>
</kw>
<kw name="Should See Logged User">
<arguments>
<arg>Tony Stark</arg>
</arguments>
<kw name="Page Should Contain" library="SeleniumLibrary">
<doc>Verifies that current page contains ``text``.</doc>
<arguments>
<arg>Olá, ${full_name}. Você acessou a área logada!</arg>
</arguments>
<msg timestamp="20200920 13:19:50.306" level="INFO">Current page contains text 'Olá, Tony Stark. Você acessou a área logada!'.</msg>
<status status="PASS" starttime="20200920 13:19:50.190" endtime="20200920 13:19:50.307"></status>
</kw>
<status status="PASS" starttime="20200920 13:19:50.186" endtime="20200920 13:19:50.308"></status>
</kw>
<kw name="Close Browser" library="SeleniumLibrary" type="teardown">
<doc>Closes the current browser.</doc>
<status status="PASS" starttime="20200920 13:19:50.310" endtime="20200920 13:19:53.881"></status>
</kw>
<status status="PASS" starttime="20200920 13:19:25.834" endtime="20200920 13:19:53.882" critical="yes"></status>
</test>
<test id="s1-t2" name="Senha Inválida">
<kw name="Nova Sessão" library="base" type="setup">
<kw name="Open Browser" library="SeleniumLibrary">
<doc>Opens a new browser instance to the optional ``url``.</doc>
<arguments>
<arg>${url}</arg>
<arg>Chrome</arg>
</arguments>
<msg timestamp="20200920 13:19:54.037" level="INFO">Opening browser 'Chrome' to base url 'https://training-wheels-protocol.herokuapp.com'.</msg>
<status status="PASS" starttime="20200920 13:19:54.035" endtime="20200920 13:20:11.848"></status>
</kw>
<status status="PASS" starttime="20200920 13:19:54.032" endtime="20200920 13:20:11.851"></status>
</kw>
<kw name="Go To" library="SeleniumLibrary">
<doc>Navigates the current browser window to the provided ``url``.</doc>
<arguments>
<arg>${url}/login</arg>
</arguments>
<msg timestamp="20200920 13:20:11.856" level="INFO">Opening url 'https://training-wheels-protocol.herokuapp.com/login'</msg>
<status status="PASS" starttime="20200920 13:20:11.854" endtime="20200920 13:20:13.030"></status>
</kw>
<kw name="Login With">
<arguments>
<arg>stark</arg>
<arg>abc12345</arg>
</arguments>
<kw name="Input Text" library="SeleniumLibrary">
<doc>Types the given ``text`` into the text field identified by ``locator``.</doc>
<arguments>
<arg>css:input[name=username]</arg>
<arg>${uname}</arg>
</arguments>
<msg timestamp="20200920 13:20:13.040" level="INFO">Typing text 'stark' into text field 'css:input[name=username]'.</msg>
<status status="PASS" starttime="20200920 13:20:13.039" endtime="20200920 13:20:13.500"></status>
</kw>
<kw name="Input Text" library="SeleniumLibrary">
<doc>Types the given ``text`` into the text field identified by ``locator``.</doc>
<arguments>
<arg>css:input[name=password]</arg>
<arg>${pass}</arg>
</arguments>
<msg timestamp="20200920 13:20:13.502" level="INFO">Typing text 'abc12345' into text field 'css:input[name=password]'.</msg>
<status status="PASS" starttime="20200920 13:20:13.500" endtime="20200920 13:20:13.966"></status>
</kw>
<kw name="Click Element" library="SeleniumLibrary">
<doc>Click the element identified by ``locator``.</doc>
<arguments>
<arg>class:btn-login</arg>
</arguments>
<msg timestamp="20200920 13:20:13.968" level="INFO">Clicking element 'class:btn-login'.</msg>
<status status="PASS" starttime="20200920 13:20:13.967" endtime="20200920 13:20:15.125"></status>
</kw>
<status status="PASS" starttime="20200920 13:20:13.035" endtime="20200920 13:20:15.127"></status>
</kw>
<kw name="Should Contain Login Alert">
<arguments>
<arg>Senha é invalida!</arg>
</arguments>
<kw name="Get WebElement" library="SeleniumLibrary">
<doc>Returns the first WebElement matching the given ``locator``.</doc>
<arguments>
<arg>id:flash</arg>
</arguments>
<assign>
<var>${message}</var>
</assign>
<msg timestamp="20200920 13:20:15.229" level="INFO">${message} = &lt;selenium.webdriver.remote.webelement.WebElement (session="08a50f6e10a7d22dab81de80e1d44323", element="882399ef-8cd9-4ad6-9911-c4aba9656186")&gt;</msg>
<status status="PASS" starttime="20200920 13:20:15.135" endtime="20200920 13:20:15.231"></status>
</kw>
<kw name="Should Contain" library="BuiltIn">
<doc>Fails if ``container`` does not contain ``item`` one or more times.</doc>
<arguments>
<arg>${message.text}</arg>
<arg>${expected_message}</arg>
</arguments>
<status status="PASS" starttime="20200920 13:20:15.233" endtime="20200920 13:20:15.350"></status>
</kw>
<status status="PASS" starttime="20200920 13:20:15.132" endtime="20200920 13:20:15.351"></status>
</kw>
<kw name="Close Browser" library="SeleniumLibrary" type="teardown">
<doc>Closes the current browser.</doc>
<status status="PASS" starttime="20200920 13:20:15.354" endtime="20200920 13:20:19.417"></status>
</kw>
<tags>
<tag>error</tag>
</tags>
<status status="PASS" starttime="20200920 13:19:54.029" endtime="20200920 13:20:19.419" critical="yes"></status>
</test>
<test id="s1-t3" name="Usuário Inválido">
<kw name="Nova Sessão" library="base" type="setup">
<kw name="Open Browser" library="SeleniumLibrary">
<doc>Opens a new browser instance to the optional ``url``.</doc>
<arguments>
<arg>${url}</arg>
<arg>Chrome</arg>
</arguments>
<msg timestamp="20200920 13:20:19.432" level="INFO">Opening browser 'Chrome' to base url 'https://training-wheels-protocol.herokuapp.com'.</msg>
<status status="PASS" starttime="20200920 13:20:19.431" endtime="20200920 13:20:38.475"></status>
</kw>
<status status="PASS" starttime="20200920 13:20:19.429" endtime="20200920 13:20:38.477"></status>
</kw>
<kw name="Go To" library="SeleniumLibrary">
<doc>Navigates the current browser window to the provided ``url``.</doc>
<arguments>
<arg>${url}/login</arg>
</arguments>
<msg timestamp="20200920 13:20:38.482" level="INFO">Opening url 'https://training-wheels-protocol.herokuapp.com/login'</msg>
<status status="PASS" starttime="20200920 13:20:38.481" endtime="20200920 13:20:39.789"></status>
</kw>
<kw name="Login With">
<arguments>
<arg>bruna</arg>
<arg>12345</arg>
</arguments>
<kw name="Input Text" library="SeleniumLibrary">
<doc>Types the given ``text`` into the text field identified by ``locator``.</doc>
<arguments>
<arg>css:input[name=username]</arg>
<arg>${uname}</arg>
</arguments>
<msg timestamp="20200920 13:20:39.798" level="INFO">Typing text 'bruna' into text field 'css:input[name=username]'.</msg>
<status status="PASS" starttime="20200920 13:20:39.796" endtime="20200920 13:20:40.282"></status>
</kw>
<kw name="Input Text" library="SeleniumLibrary">
<doc>Types the given ``text`` into the text field identified by ``locator``.</doc>
<arguments>
<arg>css:input[name=password]</arg>
<arg>${pass}</arg>
</arguments>
<msg timestamp="20200920 13:20:40.285" level="INFO">Typing text '12345' into text field 'css:input[name=password]'.</msg>
<status status="PASS" starttime="20200920 13:20:40.283" endtime="20200920 13:20:41.045"></status>
</kw>
<kw name="Click Element" library="SeleniumLibrary">
<doc>Click the element identified by ``locator``.</doc>
<arguments>
<arg>class:btn-login</arg>
</arguments>
<msg timestamp="20200920 13:20:41.047" level="INFO">Clicking element 'class:btn-login'.</msg>
<status status="PASS" starttime="20200920 13:20:41.046" endtime="20200920 13:20:42.563"></status>
</kw>
<status status="PASS" starttime="20200920 13:20:39.792" endtime="20200920 13:20:42.564"></status>
</kw>
<kw name="Should Contain Login Alert">
<arguments>
<arg>O usuário informado não está cadastrado!</arg>
</arguments>
<kw name="Get WebElement" library="SeleniumLibrary">
<doc>Returns the first WebElement matching the given ``locator``.</doc>
<arguments>
<arg>id:flash</arg>
</arguments>
<assign>
<var>${message}</var>
</assign>
<msg timestamp="20200920 13:20:42.638" level="INFO">${message} = &lt;selenium.webdriver.remote.webelement.WebElement (session="e384d59d59ab2ae6ec03ed29c050c285", element="a9a1de1a-9595-4745-8b87-b96a1124208a")&gt;</msg>
<status status="PASS" starttime="20200920 13:20:42.569" endtime="20200920 13:20:42.638"></status>
</kw>
<kw name="Should Contain" library="BuiltIn">
<doc>Fails if ``container`` does not contain ``item`` one or more times.</doc>
<arguments>
<arg>${message.text}</arg>
<arg>${expected_message}</arg>
</arguments>
<status status="PASS" starttime="20200920 13:20:42.639" endtime="20200920 13:20:42.696"></status>
</kw>
<status status="PASS" starttime="20200920 13:20:42.566" endtime="20200920 13:20:42.696"></status>
</kw>
<kw name="Close Browser" library="SeleniumLibrary" type="teardown">
<doc>Closes the current browser.</doc>
<status status="PASS" starttime="20200920 13:20:42.699" endtime="20200920 13:20:49.391"></status>
</kw>
<tags>
<tag>User404</tag>
</tags>
<status status="PASS" starttime="20200920 13:20:19.425" endtime="20200920 13:20:49.393" critical="yes"></status>
</test>
<status status="PASS" starttime="20200920 13:19:23.429" endtime="20200920 13:20:49.403"></status>
</suite>
<statistics>
<total>
<stat pass="3" fail="0">Critical Tests</stat>
<stat pass="3" fail="0">All Tests</stat>
</total>
<tag>
<stat pass="1" fail="0">error</stat>
<stat pass="1" fail="0">User404</stat>
</tag>
<suite>
<stat pass="3" fail="0" id="s1" name="Login Form">Login Form</stat>
</suite>
</statistics>
<errors>
</errors>
</robot>
